Compilación iniciada a las 18/06/2017 19:52:51.
     1>Proyecto "C:\Users\Javi\Documents\UNI\Info Industr\Stickman-Empire\Pang\Pang.vcxproj" en el nodo 2 (Build destinos).
     1>ClCompile:
         C:\Program Files (x86)\Microsoft Visual Studio 11.0\VC\bin\CL.exe /c /Ilib /Isrc /ZI /nologo /W3 /WX- /Od /Oy- /D WIN32 /D _DEBUG /D _CONSOLE /D _UNICODE /D UNICODE /Gm /EHsc /RTC1 /MDd /GS /fp:precise /Zc:wchar_t /Zc:forScope /Fo"tmp\Debug\\" /Fd"tmp\Debug\vc110.pdb" /Gd /TP /analyze- /errorReport:prompt src\Pang.cpp
         Pang.cpp
     1>c:\program files (x86)\microsoft visual studio 11.0\vc\include\stdlib.h(360): error C2381: 'exit' : nueva definición; __declspec(noreturn) es diferente
                 c:\users\javi\documents\uni\info industr\stickman-empire\pang\lib\glut.h(146) : vea la declaración de 'exit'
     1>c:\users\javi\documents\uni\info industr\stickman-empire\pang\src\pang.cpp(93): error C2065: 'amp' : identificador no declarado
     1>c:\users\javi\documents\uni\info industr\stickman-empire\pang\src\pang.cpp(93): error C2143: error de sintaxis : falta ')' delante de ';'
     1>c:\users\javi\documents\uni\info industr\stickman-empire\pang\src\pang.cpp(93): error C2059: error de sintaxis : ')'
     1>c:\users\javi\documents\uni\info industr\stickman-empire\pang\src\pang.cpp(94): error C2065: 'amp' : identificador no declarado
     1>c:\users\javi\documents\uni\info industr\stickman-empire\pang\src\pang.cpp(94): error C2143: error de sintaxis : falta ')' delante de ';'
     1>c:\users\javi\documents\uni\info industr\stickman-empire\pang\src\pang.cpp(94): error C2059: error de sintaxis : ')'
     1>c:\users\javi\documents\uni\info industr\stickman-empire\pang\src\pang.cpp(218): error C3861: 'exit': no se encontró el identificador
     1>c:\users\javi\documents\uni\info industr\stickman-empire\pang\src\pang.cpp(229): error C2065: 'amp' : identificador no declarado
     1>c:\users\javi\documents\uni\info industr\stickman-empire\pang\src\pang.cpp(229): error C2143: error de sintaxis : falta ')' delante de ';'
     1>c:\users\javi\documents\uni\info industr\stickman-empire\pang\src\pang.cpp(229): error C2059: error de sintaxis : ')'
     1>Compilación del proyecto terminada "C:\Users\Javi\Documents\UNI\Info Industr\Stickman-Empire\Pang\Pang.vcxproj" (Build destinos) -- ERROR.

ERROR al compilar.

Tiempo transcurrido 00:00:00.54
